
*** Running vivado
    with args -log design_1_auto_pc_0.vds -m64 -product Vivado -mode batch -messageDb vivado.pb -notrace -source design_1_auto_pc_0.tcl



****** Vivado v2021.1 (64-bit)
  **** SW Build 3247384 on Thu Jun 10 19:36:33 MDT 2021
  **** IP Build 3246043 on Fri Jun 11 00:30:35 MDT 2021
    ** Copyright 1986-2021 Xilinx, Inc. All Rights Reserved.

source design_1_auto_pc_0.tcl -notrace
CRITICAL WARNING: [Common 17-1355] You are suppressing all messages of type 'WARNING'. You may potentially disregard important DRC, CDC, and implementation messages that can negatively impact your design.  If this is not desired, please run 'reset_msg_config -suppress -severity {WARNING}' to undo this change.
CRITICAL WARNING: [Common 17-1355] You are suppressing all messages of type 'CRITICAL WARNING'. You may potentially disregard important DRC, CDC, and implementation messages that can negatively impact your design.  If this is not desired, please run 'reset_msg_config -suppress -severity {CRITICAL WARNING}' to undo this change.
---------------------------------------------------------------------------------
Starting RTL Elaboration : Time (s): cpu = 00:00:09 ; elapsed = 00:00:10 . Memory (MB): peak = 1638.367 ; gain = 125.348
---------------------------------------------------------------------------------
---------------------------------------------------------------------------------
Finished RTL Elaboration : Time (s): cpu = 00:00:15 ; elapsed = 00:00:17 . Memory (MB): peak = 1802.934 ; gain = 289.914
---------------------------------------------------------------------------------
Finished Handling Custom Attributes : Time (s): cpu = 00:00:15 ; elapsed = 00:00:18 . Memory (MB): peak = 1802.934 ; gain = 289.914
Finished RTL Optimization Phase 1 : Time (s): cpu = 00:00:15 ; elapsed = 00:00:18 . Memory (MB): peak = 1802.934 ; gain = 289.914
Netlist sorting complete. Time (s): cpu = 00:00:00 ; elapsed = 00:00:00.072 . Memory (MB): peak = 1802.934 ; gain = 0.000
create_clock: Time (s): cpu = 00:00:05 ; elapsed = 00:00:05 . Memory (MB): peak = 1909.305 ; gain = 0.047
Netlist sorting complete. Time (s): cpu = 00:00:00 ; elapsed = 00:00:00.001 . Memory (MB): peak = 1909.305 ; gain = 0.000
Constraint Validation Runtime : Time (s): cpu = 00:00:00 ; elapsed = 00:00:00.098 . Memory (MB): peak = 1909.305 ; gain = 0.000
Finished Constraint Validation : Time (s): cpu = 00:00:28 ; elapsed = 00:00:31 . Memory (MB): peak = 1909.305 ; gain = 396.285
Finished Loading Part and Timing Information : Time (s): cpu = 00:00:28 ; elapsed = 00:00:31 . Memory (MB): peak = 1909.305 ; gain = 396.285
Applied set_property KEEP_HIERARCHY = SOFT for inst. (constraint file  C:/Users/mini_pc1/Desktop/canliu/KV260_DP_1/KV260_DP/KV260_DP.runs/design_1_auto_pc_0_synth_1/dont_touch.xdc, line 9).
Finished applying 'set_property' XDC Constraints : Time (s): cpu = 00:00:28 ; elapsed = 00:00:31 . Memory (MB): peak = 1909.305 ; gain = 396.285
Finished RTL Optimization Phase 2 : Time (s): cpu = 00:00:29 ; elapsed = 00:00:32 . Memory (MB): peak = 1909.305 ; gain = 396.285
Finished Cross Boundary and Area Optimization : Time (s): cpu = 00:00:33 ; elapsed = 00:00:36 . Memory (MB): peak = 1909.305 ; gain = 396.285
Finished Applying XDC Timing Constraints : Time (s): cpu = 00:00:46 ; elapsed = 00:00:50 . Memory (MB): peak = 2374.000 ; gain = 860.980
Finished Timing Optimization : Time (s): cpu = 00:00:48 ; elapsed = 00:00:53 . Memory (MB): peak = 2444.691 ; gain = 931.672
Finished Technology Mapping : Time (s): cpu = 00:00:48 ; elapsed = 00:00:53 . Memory (MB): peak = 2454.789 ; gain = 941.770
Finished IO Insertion : Time (s): cpu = 00:00:52 ; elapsed = 00:00:57 . Memory (MB): peak = 2454.789 ; gain = 941.770
Finished Renaming Generated Instances : Time (s): cpu = 00:00:52 ; elapsed = 00:00:57 . Memory (MB): peak = 2454.789 ; gain = 941.770
Finished Rebuilding User Hierarchy : Time (s): cpu = 00:00:52 ; elapsed = 00:00:57 . Memory (MB): peak = 2454.789 ; gain = 941.770
Finished Renaming Generated Ports : Time (s): cpu = 00:00:52 ; elapsed = 00:00:57 . Memory (MB): peak = 2454.789 ; gain = 941.770
Finished Handling Custom Attributes : Time (s): cpu = 00:00:52 ; elapsed = 00:00:57 . Memory (MB): peak = 2454.789 ; gain = 941.770
Finished Renaming Generated Nets : Time (s): cpu = 00:00:52 ; elapsed = 00:00:57 . Memory (MB): peak = 2454.789 ; gain = 941.770

Report Cell Usage: 
+------+--------+------+
|      |Cell    |Count |
+------+--------+------+
|1     |LUT1    |     8|
|2     |LUT2    |    32|
|3     |LUT3    |   160|
|4     |LUT4    |    52|
|5     |LUT5    |    70|
|6     |LUT6    |   155|
|7     |MUXF7   |     2|
|8     |SRL16E  |    10|
|9     |SRLC32E |    35|
|10    |FDRE    |   432|
|11    |FDSE    |    16|
+------+--------+------+
Finished Writing Synthesis Report : Time (s): cpu = 00:00:52 ; elapsed = 00:00:57 . Memory (MB): peak = 2454.789 ; gain = 941.770
Netlist sorting complete. Time (s): cpu = 00:00:00 ; elapsed = 00:00:00.040 . Memory (MB): peak = 2458.621 ; gain = 0.000
Netlist sorting complete. Time (s): cpu = 00:00:00 ; elapsed = 00:00:00 . Memory (MB): peak = 2480.445 ; gain = 0.000
synth_design: Time (s): cpu = 00:01:01 ; elapsed = 00:01:07 . Memory (MB): peak = 2480.445 ; gain = 1199.012
