
*** Running vivado
    with args -log design_1_auto_cc_0.vds -m64 -product Vivado -mode batch -messageDb vivado.pb -notrace -source design_1_auto_cc_0.tcl



****** Vivado v2021.1 (64-bit)
  **** SW Build 3247384 on Thu Jun 10 19:36:33 MDT 2021
  **** IP Build 3246043 on Fri Jun 11 00:30:35 MDT 2021
    ** Copyright 1986-2021 Xilinx, Inc. All Rights Reserved.

source design_1_auto_cc_0.tcl -notrace
CRITICAL WARNING: [Common 17-1355] You are suppressing all messages of type 'WARNING'. You may potentially disregard important DRC, CDC, and implementation messages that can negatively impact your design.  If this is not desired, please run 'reset_msg_config -suppress -severity {WARNING}' to undo this change.
CRITICAL WARNING: [Common 17-1355] You are suppressing all messages of type 'CRITICAL WARNING'. You may potentially disregard important DRC, CDC, and implementation messages that can negatively impact your design.  If this is not desired, please run 'reset_msg_config -suppress -severity {CRITICAL WARNING}' to undo this change.
---------------------------------------------------------------------------------
Starting RTL Elaboration : Time (s): cpu = 00:00:08 ; elapsed = 00:00:09 . Memory (MB): peak = 1638.277 ; gain = 124.129
---------------------------------------------------------------------------------
---------------------------------------------------------------------------------
Finished RTL Elaboration : Time (s): cpu = 00:00:15 ; elapsed = 00:00:16 . Memory (MB): peak = 1802.719 ; gain = 288.570
---------------------------------------------------------------------------------
Finished Handling Custom Attributes : Time (s): cpu = 00:00:15 ; elapsed = 00:00:17 . Memory (MB): peak = 1802.719 ; gain = 288.570
Finished RTL Optimization Phase 1 : Time (s): cpu = 00:00:15 ; elapsed = 00:00:17 . Memory (MB): peak = 1802.719 ; gain = 288.570
Netlist sorting complete. Time (s): cpu = 00:00:00 ; elapsed = 00:00:00.073 . Memory (MB): peak = 1802.719 ; gain = 0.000
create_clock: Time (s): cpu = 00:00:05 ; elapsed = 00:00:05 . Memory (MB): peak = 1901.285 ; gain = 3.047
Netlist sorting complete. Time (s): cpu = 00:00:00 ; elapsed = 00:00:00.001 . Memory (MB): peak = 1901.285 ; gain = 0.000
Constraint Validation Runtime : Time (s): cpu = 00:00:00 ; elapsed = 00:00:00.083 . Memory (MB): peak = 1901.285 ; gain = 0.000
Finished Constraint Validation : Time (s): cpu = 00:00:28 ; elapsed = 00:00:30 . Memory (MB): peak = 1901.285 ; gain = 387.137
Finished Loading Part and Timing Information : Time (s): cpu = 00:00:29 ; elapsed = 00:00:30 . Memory (MB): peak = 1901.285 ; gain = 387.137
Applied set_property KEEP_HIERARCHY = SOFT for inst. (constraint file  C:/Users/mini_pc1/Desktop/canliu/KV260_DP_1/KV260_DP/KV260_DP.runs/design_1_auto_cc_0_synth_1/dont_touch.xdc, line 9).
Applied set_property KEEP_HIERARCHY = SOFT for inst/\gen_clock_conv.gen_async_conv.asyncfifo_axi /inst_fifo_gen/\gaxi_full_lite.gwrite_ch.gwach2.axi_wach /\grf.rf /rstblk/\ngwrdrst.grst.g7serrst.gnsckt_wrst.gic_rst.rst_rd_reg2_inst . (constraint file  auto generated constraint).
Applied set_property KEEP_HIERARCHY = SOFT for inst/\gen_clock_conv.gen_async_conv.asyncfifo_axi /inst_fifo_gen/\gaxi_full_lite.gwrite_ch.gwdch2.axi_wdch /\grf.rf /rstblk/\ngwrdrst.grst.g7serrst.gnsckt_wrst.gic_rst.rst_rd_reg2_inst . (constraint file  auto generated constraint).
Applied set_property KEEP_HIERARCHY = SOFT for inst/\gen_clock_conv.gen_async_conv.asyncfifo_axi /inst_fifo_gen/\gaxi_full_lite.gwrite_ch.gwrch2.axi_wrch /\grf.rf /rstblk/\ngwrdrst.grst.g7serrst.gnsckt_wrst.gic_rst.rst_rd_reg2_inst . (constraint file  auto generated constraint).
Applied set_property KEEP_HIERARCHY = SOFT for inst/\gen_clock_conv.gen_async_conv.asyncfifo_axi /inst_fifo_gen/\gaxi_full_lite.gread_ch.grach2.axi_rach /\grf.rf /rstblk/\ngwrdrst.grst.g7serrst.gnsckt_wrst.gic_rst.rst_rd_reg2_inst . (constraint file  auto generated constraint).
Applied set_property KEEP_HIERARCHY = SOFT for inst/\gen_clock_conv.gen_async_conv.asyncfifo_axi /inst_fifo_gen/\gaxi_full_lite.gread_ch.grdch2.axi_rdch /\grf.rf /rstblk/\ngwrdrst.grst.g7serrst.gnsckt_wrst.gic_rst.rst_rd_reg2_inst . (constraint file  auto generated constraint).
Applied set_property KEEP_HIERARCHY = SOFT for inst/\gen_clock_conv.gen_async_conv.asyncfifo_axi /inst_fifo_gen/\gaxi_full_lite.gwrite_ch.gwach2.axi_wach /\grf.rf /rstblk/\ngwrdrst.grst.g7serrst.gnsckt_wrst.rst_wr_reg2_inst . (constraint file  auto generated constraint).
Applied set_property KEEP_HIERARCHY = SOFT for inst/\gen_clock_conv.gen_async_conv.asyncfifo_axi /inst_fifo_gen/\gaxi_full_lite.gwrite_ch.gwdch2.axi_wdch /\grf.rf /rstblk/\ngwrdrst.grst.g7serrst.gnsckt_wrst.rst_wr_reg2_inst . (constraint file  auto generated constraint).
Applied set_property KEEP_HIERARCHY = SOFT for inst/\gen_clock_conv.gen_async_conv.asyncfifo_axi /inst_fifo_gen/\gaxi_full_lite.gwrite_ch.gwrch2.axi_wrch /\grf.rf /rstblk/\ngwrdrst.grst.g7serrst.gnsckt_wrst.rst_wr_reg2_inst . (constraint file  auto generated constraint).
Applied set_property KEEP_HIERARCHY = SOFT for inst/\gen_clock_conv.gen_async_conv.asyncfifo_axi /inst_fifo_gen/\gaxi_full_lite.gread_ch.grach2.axi_rach /\grf.rf /rstblk/\ngwrdrst.grst.g7serrst.gnsckt_wrst.rst_wr_reg2_inst . (constraint file  auto generated constraint).
Applied set_property KEEP_HIERARCHY = SOFT for inst/\gen_clock_conv.gen_async_conv.asyncfifo_axi /inst_fifo_gen/\gaxi_full_lite.gread_ch.grdch2.axi_rdch /\grf.rf /rstblk/\ngwrdrst.grst.g7serrst.gnsckt_wrst.rst_wr_reg2_inst . (constraint file  auto generated constraint).
Applied set_property KEEP_HIERARCHY = SOFT for inst/\gen_clock_conv.gen_async_conv.asyncfifo_axi /inst_fifo_gen/\gaxi_full_lite.gwrite_ch.gwach2.axi_wach /\grf.rf /\gntv_or_sync_fifo.gcx.clkx /rd_pntr_cdc_inst. (constraint file  auto generated constraint).
Applied set_property KEEP_HIERARCHY = SOFT for inst/\gen_clock_conv.gen_async_conv.asyncfifo_axi /inst_fifo_gen/\gaxi_full_lite.gwrite_ch.gwdch2.axi_wdch /\grf.rf /\gntv_or_sync_fifo.gcx.clkx /rd_pntr_cdc_inst. (constraint file  auto generated constraint).
Applied set_property KEEP_HIERARCHY = SOFT for inst/\gen_clock_conv.gen_async_conv.asyncfifo_axi /inst_fifo_gen/\gaxi_full_lite.gwrite_ch.gwrch2.axi_wrch /\grf.rf /\gntv_or_sync_fifo.gcx.clkx /rd_pntr_cdc_inst. (constraint file  auto generated constraint).
Applied set_property KEEP_HIERARCHY = SOFT for inst/\gen_clock_conv.gen_async_conv.asyncfifo_axi /inst_fifo_gen/\gaxi_full_lite.gread_ch.grach2.axi_rach /\grf.rf /\gntv_or_sync_fifo.gcx.clkx /rd_pntr_cdc_inst. (constraint file  auto generated constraint).
Applied set_property KEEP_HIERARCHY = SOFT for inst/\gen_clock_conv.gen_async_conv.asyncfifo_axi /inst_fifo_gen/\gaxi_full_lite.gread_ch.grdch2.axi_rdch /\grf.rf /\gntv_or_sync_fifo.gcx.clkx /rd_pntr_cdc_inst. (constraint file  auto generated constraint).
Applied set_property KEEP_HIERARCHY = SOFT for inst/\gen_clock_conv.gen_async_conv.asyncfifo_axi /inst_fifo_gen/\gaxi_full_lite.gwrite_ch.gwach2.axi_wach /\grf.rf /\gntv_or_sync_fifo.gcx.clkx /wr_pntr_cdc_inst. (constraint file  auto generated constraint).
Applied set_property KEEP_HIERARCHY = SOFT for inst/\gen_clock_conv.gen_async_conv.asyncfifo_axi /inst_fifo_gen/\gaxi_full_lite.gwrite_ch.gwdch2.axi_wdch /\grf.rf /\gntv_or_sync_fifo.gcx.clkx /wr_pntr_cdc_inst. (constraint file  auto generated constraint).
Applied set_property KEEP_HIERARCHY = SOFT for inst/\gen_clock_conv.gen_async_conv.asyncfifo_axi /inst_fifo_gen/\gaxi_full_lite.gwrite_ch.gwrch2.axi_wrch /\grf.rf /\gntv_or_sync_fifo.gcx.clkx /wr_pntr_cdc_inst. (constraint file  auto generated constraint).
Applied set_property KEEP_HIERARCHY = SOFT for inst/\gen_clock_conv.gen_async_conv.asyncfifo_axi /inst_fifo_gen/\gaxi_full_lite.gread_ch.grach2.axi_rach /\grf.rf /\gntv_or_sync_fifo.gcx.clkx /wr_pntr_cdc_inst. (constraint file  auto generated constraint).
Applied set_property KEEP_HIERARCHY = SOFT for inst/\gen_clock_conv.gen_async_conv.asyncfifo_axi /inst_fifo_gen/\gaxi_full_lite.gread_ch.grdch2.axi_rdch /\grf.rf /\gntv_or_sync_fifo.gcx.clkx /wr_pntr_cdc_inst. (constraint file  auto generated constraint).
Applied set_property KEEP_HIERARCHY = SOFT for inst/\gen_clock_conv.gen_async_conv.asyncfifo_axi /inst_fifo_gen/\gaxi_full_lite.gread_ch.grach2.cdc_wr_rst_busy_ic_3.xpm_cdc_single_inst3 . (constraint file  auto generated constraint).
Applied set_property KEEP_HIERARCHY = SOFT for inst/\gen_clock_conv.gen_async_conv.asyncfifo_axi /inst_fifo_gen/\gaxi_full_lite.gwrite_ch.gwach2.cdc_wr_rst_busy_ic_1.xpm_cdc_single_inst1 . (constraint file  auto generated constraint).
Applied set_property KEEP_HIERARCHY = SOFT for inst/\gen_clock_conv.gen_async_conv.asyncfifo_axi /inst_fifo_gen/\gaxi_full_lite.gwrite_ch.gwdch2.cdc_wr_rst_busy_ic_2.xpm_cdc_single_inst2 . (constraint file  auto generated constraint).
Applied set_property KEEP_HIERARCHY = SOFT for inst/\gen_clock_conv.gen_async_conv.asyncfifo_axi /inst_fifo_gen/\gaxi_full_lite.gwrite_ch.gwach2.axi_wach /\grf.rf /rstblk/\ngwrdrst.grst.g7serrst.gnsckt_wrst.gic_rst.xpm_cdc_single_inst_rrst_wr . (constraint file  auto generated constraint).
Applied set_property KEEP_HIERARCHY = SOFT for inst/\gen_clock_conv.gen_async_conv.asyncfifo_axi /inst_fifo_gen/\gaxi_full_lite.gwrite_ch.gwdch2.axi_wdch /\grf.rf /rstblk/\ngwrdrst.grst.g7serrst.gnsckt_wrst.gic_rst.xpm_cdc_single_inst_rrst_wr . (constraint file  auto generated constraint).
Applied set_property KEEP_HIERARCHY = SOFT for inst/\gen_clock_conv.gen_async_conv.asyncfifo_axi /inst_fifo_gen/\gaxi_full_lite.gwrite_ch.gwrch2.axi_wrch /\grf.rf /rstblk/\ngwrdrst.grst.g7serrst.gnsckt_wrst.gic_rst.xpm_cdc_single_inst_rrst_wr . (constraint file  auto generated constraint).
Applied set_property KEEP_HIERARCHY = SOFT for inst/\gen_clock_conv.gen_async_conv.asyncfifo_axi /inst_fifo_gen/\gaxi_full_lite.gread_ch.grach2.axi_rach /\grf.rf /rstblk/\ngwrdrst.grst.g7serrst.gnsckt_wrst.gic_rst.xpm_cdc_single_inst_rrst_wr . (constraint file  auto generated constraint).
Applied set_property KEEP_HIERARCHY = SOFT for inst/\gen_clock_conv.gen_async_conv.asyncfifo_axi /inst_fifo_gen/\gaxi_full_lite.gread_ch.grdch2.axi_rdch /\grf.rf /rstblk/\ngwrdrst.grst.g7serrst.gnsckt_wrst.gic_rst.xpm_cdc_single_inst_rrst_wr . (constraint file  auto generated constraint).
Applied set_property KEEP_HIERARCHY = SOFT for inst/\gen_clock_conv.gen_async_conv.asyncfifo_axi /inst_fifo_gen/\gaxi_full_lite.gwrite_ch.gwach2.axi_wach /\grf.rf /rstblk/\ngwrdrst.grst.g7serrst.gnsckt_wrst.gic_rst.xpm_cdc_single_inst_wrst_rd . (constraint file  auto generated constraint).
Applied set_property KEEP_HIERARCHY = SOFT for inst/\gen_clock_conv.gen_async_conv.asyncfifo_axi /inst_fifo_gen/\gaxi_full_lite.gwrite_ch.gwdch2.axi_wdch /\grf.rf /rstblk/\ngwrdrst.grst.g7serrst.gnsckt_wrst.gic_rst.xpm_cdc_single_inst_wrst_rd . (constraint file  auto generated constraint).
Applied set_property KEEP_HIERARCHY = SOFT for inst/\gen_clock_conv.gen_async_conv.asyncfifo_axi /inst_fifo_gen/\gaxi_full_lite.gwrite_ch.gwrch2.axi_wrch /\grf.rf /rstblk/\ngwrdrst.grst.g7serrst.gnsckt_wrst.gic_rst.xpm_cdc_single_inst_wrst_rd . (constraint file  auto generated constraint).
Applied set_property KEEP_HIERARCHY = SOFT for inst/\gen_clock_conv.gen_async_conv.asyncfifo_axi /inst_fifo_gen/\gaxi_full_lite.gread_ch.grach2.axi_rach /\grf.rf /rstblk/\ngwrdrst.grst.g7serrst.gnsckt_wrst.gic_rst.xpm_cdc_single_inst_wrst_rd . (constraint file  auto generated constraint).
Applied set_property KEEP_HIERARCHY = SOFT for inst/\gen_clock_conv.gen_async_conv.asyncfifo_axi /inst_fifo_gen/\gaxi_full_lite.gread_ch.grdch2.axi_rdch /\grf.rf /rstblk/\ngwrdrst.grst.g7serrst.gnsckt_wrst.gic_rst.xpm_cdc_single_inst_wrst_rd . (constraint file  auto generated constraint).
Finished applying 'set_property' XDC Constraints : Time (s): cpu = 00:00:29 ; elapsed = 00:00:31 . Memory (MB): peak = 1901.285 ; gain = 387.137
Finished RTL Optimization Phase 2 : Time (s): cpu = 00:00:30 ; elapsed = 00:00:32 . Memory (MB): peak = 1901.285 ; gain = 387.137
Finished Cross Boundary and Area Optimization : Time (s): cpu = 00:00:32 ; elapsed = 00:00:35 . Memory (MB): peak = 1901.285 ; gain = 387.137
---------------------------------------------------------------------------------
Start ROM, RAM, DSP, Shift Register and Retiming Reporting
---------------------------------------------------------------------------------

Distributed RAM: Preliminary Mapping Report (see note below)
+---------------------------------------------------+-----------------------------------------------------------------------------------------------------------+----------------+----------------------+---------------+
|Module Name                                        | RTL Object                                                                                                | Inference      | Size (Depth x Width) | Primitives    | 
+---------------------------------------------------+-----------------------------------------------------------------------------------------------------------+----------------+----------------------+---------------+
|inst/\gen_clock_conv.gen_async_conv.asyncfifo_axi  | inst_fifo_gen/gaxi_full_lite.gwrite_ch.gwach2.axi_wach/grf.rf/gntv_or_sync_fifo.mem/gdm.dm_gen.dm/RAM_reg | User Attribute | 16 x 62              | RAM32M16 x 5  | 
|inst/\gen_clock_conv.gen_async_conv.asyncfifo_axi  | inst_fifo_gen/gaxi_full_lite.gwrite_ch.gwdch2.axi_wdch/grf.rf/gntv_or_sync_fifo.mem/gdm.dm_gen.dm/RAM_reg | User Attribute | 16 x 37              | RAM32M16 x 3  | 
|inst/\gen_clock_conv.gen_async_conv.asyncfifo_axi  | inst_fifo_gen/gaxi_full_lite.gwrite_ch.gwrch2.axi_wrch/grf.rf/gntv_or_sync_fifo.mem/gdm.dm_gen.dm/RAM_reg | User Attribute | 16 x 3               | RAM32M16 x 1  | 
|inst/\gen_clock_conv.gen_async_conv.asyncfifo_axi  | inst_fifo_gen/gaxi_full_lite.gread_ch.grach2.axi_rach/grf.rf/gntv_or_sync_fifo.mem/gdm.dm_gen.dm/RAM_reg  | User Attribute | 16 x 62              | RAM32M16 x 5  | 
|inst/\gen_clock_conv.gen_async_conv.asyncfifo_axi  | inst_fifo_gen/gaxi_full_lite.gread_ch.grdch2.axi_rdch/grf.rf/gntv_or_sync_fifo.mem/gdm.dm_gen.dm/RAM_reg  | User Attribute | 16 x 36              | RAM32M16 x 3  | 
+---------------------------------------------------+-----------------------------------------------------------------------------------------------------------+----------------+----------------------+---------------+

Note: The table above is a preliminary report that shows the Distributed RAMs at the current stage of the synthesis flow. Some Distributed RAMs may be reimplemented as non Distributed RAM primitives later in the synthesis flow. Multiple instantiated RAMs are reported only once.
---------------------------------------------------------------------------------
Finished ROM, RAM, DSP, Shift Register and Retiming Reporting
---------------------------------------------------------------------------------
Finished Applying XDC Timing Constraints : Time (s): cpu = 00:00:45 ; elapsed = 00:00:49 . Memory (MB): peak = 2374.434 ; gain = 860.285
Finished Timing Optimization : Time (s): cpu = 00:00:47 ; elapsed = 00:00:50 . Memory (MB): peak = 2404.027 ; gain = 889.879
Finished Technology Mapping : Time (s): cpu = 00:00:47 ; elapsed = 00:00:51 . Memory (MB): peak = 2405.965 ; gain = 891.816
Finished IO Insertion : Time (s): cpu = 00:00:51 ; elapsed = 00:00:56 . Memory (MB): peak = 2410.719 ; gain = 896.570
Finished Renaming Generated Instances : Time (s): cpu = 00:00:51 ; elapsed = 00:00:56 . Memory (MB): peak = 2410.719 ; gain = 896.570
Finished Rebuilding User Hierarchy : Time (s): cpu = 00:00:51 ; elapsed = 00:00:56 . Memory (MB): peak = 2410.719 ; gain = 896.570
Finished Renaming Generated Ports : Time (s): cpu = 00:00:51 ; elapsed = 00:00:56 . Memory (MB): peak = 2410.719 ; gain = 896.570
Finished Handling Custom Attributes : Time (s): cpu = 00:00:52 ; elapsed = 00:00:56 . Memory (MB): peak = 2410.719 ; gain = 896.570
Finished Renaming Generated Nets : Time (s): cpu = 00:00:52 ; elapsed = 00:00:56 . Memory (MB): peak = 2410.719 ; gain = 896.570

Report Cell Usage: 
+------+---------+------+
|      |Cell     |Count |
+------+---------+------+
|1     |LUT1     |    76|
|2     |LUT2     |    66|
|3     |LUT3     |    35|
|4     |LUT4     |    65|
|5     |LUT5     |    10|
|6     |LUT6     |    25|
|7     |RAM32M   |     2|
|8     |RAM32M16 |    14|
|9     |RAM32X1D |     2|
|10    |FDCE     |   130|
|11    |FDPE     |   115|
|12    |FDRE     |   657|
+------+---------+------+
Finished Writing Synthesis Report : Time (s): cpu = 00:00:52 ; elapsed = 00:00:56 . Memory (MB): peak = 2410.719 ; gain = 896.570
Netlist sorting complete. Time (s): cpu = 00:00:00 ; elapsed = 00:00:00.047 . Memory (MB): peak = 2418.785 ; gain = 0.000
Netlist sorting complete. Time (s): cpu = 00:00:00 ; elapsed = 00:00:00.001 . Memory (MB): peak = 2451.391 ; gain = 0.000
synth_design: Time (s): cpu = 00:00:59 ; elapsed = 00:01:06 . Memory (MB): peak = 2451.391 ; gain = 1193.738
