Copyright 1986-2021 Xilinx, Inc. All Rights Reserved.
----------------------------------------------------------------------------------------------------------------------------------------------------------------------
| Tool Version     : Vivado v.2021.1 (win64) Build 3247384 Thu Jun 10 19:36:33 MDT 2021
| Date             : Wed Jun 21 21:49:21 2023
| Host             : DESKTOP-VPS9LLR running 64-bit major release  (build 9200)
| Command          : report_power -file design_1_wrapper_power_routed.rpt -pb design_1_wrapper_power_summary_routed.pb -rpx design_1_wrapper_power_routed.rpx
| Design           : design_1_wrapper
| Device           : xck26-sfvc784-2LV-c
| Design State     : routed
| Grade            : commercial
| Process          : typical
| Characterization : Production
----------------------------------------------------------------------------------------------------------------------------------------------------------------------

Power Report

Table of Contents
-----------------
1. Summary
1.1 On-Chip Components
1.2 Power Supply Summary
1.3 Confidence Level
2. Settings
2.1 Environment
2.2 Clock Constraints
3. Detailed Reports
3.1 By Hierarchy

1. Summary
----------

+--------------------------+--------------+
| Total On-Chip Power (W)  | 3.009        |
| Design Power Budget (W)  | Unspecified* |
| Power Budget Margin (W)  | NA           |
| Dynamic (W)              | 2.706        |
| Device Static (W)        | 0.302        |
| Effective TJA (C/W)      | 2.3          |
| Max Ambient (C)          | 78.0         |
| Junction Temperature (C) | 32.0         |
| Confidence Level         | Medium       |
| Setting File             | ---          |
| Simulation Activity File | ---          |
| Design Nets Matched      | NA           |
+--------------------------+--------------+
* Specify Design Power Budget using, set_operating_conditions -design_power_budget <value in Watts>


1.1 On-Chip Components
----------------------

+--------------------------+-----------+----------+-----------+-----------------+
| On-Chip                  | Power (W) | Used     | Available | Utilization (%) |
+--------------------------+-----------+----------+-----------+-----------------+
| Clocks                   |     0.022 |        8 |       --- |             --- |
| CLB Logic                |     0.010 |    13929 |       --- |             --- |
|   LUT as Logic           |     0.007 |     4875 |    117120 |            4.16 |
|   Register               |     0.001 |     7035 |    234240 |            3.00 |
|   LUT as Shift Register  |    <0.001 |      161 |     57600 |            0.28 |
|   CARRY8                 |    <0.001 |      122 |     14640 |            0.83 |
|   LUT as Distributed RAM |    <0.001 |       44 |     57600 |            0.08 |
|   BUFG                   |    <0.001 |        1 |        32 |            3.13 |
|   Others                 |     0.000 |      371 |       --- |             --- |
|   F7/F8 Muxes            |     0.000 |      146 |    117120 |            0.12 |
| Signals                  |     0.011 |    10573 |       --- |             --- |
| Block RAM                |     0.004 |      3.5 |       144 |            2.43 |
| MMCM                     |     0.113 |        0 |       --- |             --- |
| DSPs                     |     0.004 |        9 |      1248 |            0.72 |
| PS8                      |     2.544 |        1 |       --- |             --- |
| Static Power             |     0.302 |          |           |                 |
|   PS Static              |     0.000 |          |           |                 |
|   PL Static              |     0.302 |          |           |                 |
| Total                    |     3.009 |          |           |                 |
+--------------------------+-----------+----------+-----------+-----------------+


1.2 Power Supply Summary
------------------------

+-----------------+-------------+-----------+-------------+------------+-------------+-------------+------------+
| Source          | Voltage (V) | Total (A) | Dynamic (A) | Static (A) | Powerup (A) | Budget (A)  | Margin (A) |
+-----------------+-------------+-----------+-------------+------------+-------------+-------------+------------+
| Vccint          |       0.720 |     0.158 |       0.069 |      0.089 |       NA    | Unspecified | NA         |
| Vccint_io       |       0.850 |     0.036 |       0.000 |      0.036 |       NA    | Unspecified | NA         |
| Vccbram         |       0.850 |     0.002 |       0.000 |      0.001 |       NA    | Unspecified | NA         |
| Vccaux          |       1.800 |     0.137 |       0.062 |      0.075 |       NA    | Unspecified | NA         |
| Vccaux_io       |       1.800 |     0.031 |       0.000 |      0.031 |       NA    | Unspecified | NA         |
| Vcco33          |       3.300 |     0.000 |       0.000 |      0.000 |       NA    | Unspecified | NA         |
| Vcco25          |       2.500 |     0.000 |       0.000 |      0.000 |       NA    | Unspecified | NA         |
| Vcco18          |       1.800 |     0.000 |       0.000 |      0.000 |       NA    | Unspecified | NA         |
| Vcco15          |       1.500 |     0.000 |       0.000 |      0.000 |       NA    | Unspecified | NA         |
| Vcco135         |       1.350 |     0.000 |       0.000 |      0.000 |       NA    | Unspecified | NA         |
| Vcco12          |       1.200 |     0.000 |       0.000 |      0.000 |       NA    | Unspecified | NA         |
| Vcco10          |       1.000 |     0.000 |       0.000 |      0.000 |       NA    | Unspecified | NA         |
| Vccadc          |       1.800 |     0.008 |       0.000 |      0.008 |       NA    | Unspecified | NA         |
| VCC_PSINTFP     |       0.850 |     0.960 |       0.960 |      0.000 |       NA    | Unspecified | NA         |
| VCC_PSINTLP     |       0.850 |     0.249 |       0.249 |      0.000 |       NA    | Unspecified | NA         |
| VPS_MGTRAVCC    |       0.850 |     0.067 |       0.067 |      0.000 |       NA    | Unspecified | NA         |
| VCC_PSINTFP_DDR |       0.850 |     0.726 |       0.726 |      0.000 |       NA    | Unspecified | NA         |
| VCC_PSPLL       |       1.200 |     0.071 |       0.071 |      0.000 |       NA    | Unspecified | NA         |
| VPS_MGTRAVTT    |       1.800 |     0.025 |       0.025 |      0.000 |       NA    | Unspecified | NA         |
| VCCO_PSDDR_504  |       1.200 |     0.592 |       0.592 |      0.000 |       NA    | Unspecified | NA         |
| VCC_PSAUX       |       1.800 |     0.000 |       0.000 |      0.000 |       NA    | Unspecified | NA         |
| VCC_PSBATT      |       1.200 |     0.000 |       0.000 |      0.000 |       NA    | Unspecified | NA         |
| VCC_PSDDR_PLL   |       1.800 |     0.000 |       0.000 |      0.000 |       NA    | Unspecified | NA         |
| VCCO_PSIO0_500  |       1.800 |     0.000 |       0.000 |      0.000 |       NA    | Unspecified | NA         |
| VCCO_PSIO1_501  |       1.800 |     0.000 |       0.000 |      0.000 |       NA    | Unspecified | NA         |
| VCCO_PSIO2_502  |       1.800 |     0.000 |       0.000 |      0.000 |       NA    | Unspecified | NA         |
| VCCO_PSIO3_503  |       1.800 |     0.000 |       0.000 |      0.000 |       NA    | Unspecified | NA         |
| VCC_PSADC       |       1.800 |     0.000 |       0.000 |      0.000 |       NA    | Unspecified | NA         |
| MGTAVcc         |       0.900 |     0.000 |       0.000 |      0.000 |       NA    | Unspecified | NA         |
| MGTAVtt         |       1.200 |     0.000 |       0.000 |      0.000 |       NA    | Unspecified | NA         |
| MGTVccaux       |       1.800 |     0.000 |       0.000 |      0.000 |       NA    | Unspecified | NA         |
+-----------------+-------------+-----------+-------------+------------+-------------+-------------+------------+


1.3 Confidence Level
--------------------

+-----------------------------+------------+------------------------------------------------+------------------------------------------------------------------------------------------------------------+
| User Input Data             | Confidence | Details                                        | Action                                                                                                     |
+-----------------------------+------------+------------------------------------------------+------------------------------------------------------------------------------------------------------------+
| Design implementation state | High       | Design is routed                               |                                                                                                            |
| Clock nodes activity        | High       | User specified more than 95% of clocks         |                                                                                                            |
| I/O nodes activity          | High       | User specified more than 95% of inputs         |                                                                                                            |
| Internal nodes activity     | Medium     | User specified less than 25% of internal nodes | Provide missing internal nodes activity with simulation results or by editing the "By Resource Type" views |
| Device models               | High       | Device models are Production                   |                                                                                                            |
|                             |            |                                                |                                                                                                            |
| Overall confidence level    | Medium     |                                                |                                                                                                            |
+-----------------------------+------------+------------------------------------------------+------------------------------------------------------------------------------------------------------------+


2. Settings
-----------

2.1 Environment
---------------

+-----------------------+--------------------------+
| Ambient Temp (C)      | 25.0                     |
| ThetaJA (C/W)         | 2.3                      |
| Airflow (LFM)         | 250                      |
| Heat Sink             | medium (Medium Profile)  |
| ThetaSA (C/W)         | 5.5                      |
| Board Selection       | medium (10"x10")         |
| # of Board Layers     | 12to15 (12 to 15 Layers) |
| Board Temperature (C) | 25.0                     |
+-----------------------+--------------------------+


2.2 Clock Constraints
---------------------

+-------------------------------+---------------------------------------------------------+-----------------+
| Clock                         | Domain                                                  | Constraint (ns) |
+-------------------------------+---------------------------------------------------------+-----------------+
| clk_out1_design_1_clk_wiz_0_0 | design_1_i/clk_wiz_0/inst/clk_out1_design_1_clk_wiz_0_0 |            10.0 |
| clk_out2_design_1_clk_wiz_0_0 | design_1_i/clk_wiz_0/inst/clk_out2_design_1_clk_wiz_0_0 |             6.7 |
| clk_out3_design_1_clk_wiz_0_0 | design_1_i/clk_wiz_0/inst/clk_out3_design_1_clk_wiz_0_0 |             6.7 |
| clk_pl_0                      | design_1_i/zynq_ultra_ps_e_0/inst/pl_clk0               |            10.0 |
| clk_pl_0                      | design_1_i/zynq_ultra_ps_e_0/inst/pl_clk_unbuffered[0]  |            10.0 |
+-------------------------------+---------------------------------------------------------+-----------------+


3. Detailed Reports
-------------------

3.1 By Hierarchy
----------------

+------------------------+-----------+
| Name                   | Power (W) |
+------------------------+-----------+
| design_1_wrapper       |     2.706 |
|   design_1_i           |     2.706 |
|     axi_interconnect_0 |     0.007 |
|       m02_couplers     |     0.001 |
|       s00_couplers     |     0.005 |
|     clk_wiz_0          |     0.113 |
|       inst             |     0.113 |
|     v_axi4s_vid_out_0  |     0.005 |
|       inst             |     0.005 |
|     v_tc_0             |     0.014 |
|       U0               |     0.014 |
|     v_tpg_0            |     0.023 |
|       inst             |     0.023 |
|     zynq_ultra_ps_e_0  |     2.545 |
|       inst             |     2.545 |
+------------------------+-----------+


